<?xml version="1.0" encoding="UTF-8"?>
<!-- Generated by org.testng.reporters.JUnitReportReporter -->
<testsuite skipped="0" hostname="Lenovo" name="com.testng.features.Grouping_Concept" tests="2" failures="0" timestamp="2022-02-10T10:07:30 IST" time="0.055" errors="0">
  <testcase name="novels" time="0.021" classname="com.testng.features.Grouping_Concept"/>
  <system-out/>
  <testcase name="books" time="0.034" classname="com.testng.features.Grouping_Concept"/>
  <system-out/>
</testsuite> <!-- com.testng.features.Grouping_Concept -->
